<?xml version="1.0" encoding="UTF-8"?>
<testsuite xmlns:xsi="http://www.w3.org/2001/XMLSchema-instance" xsi:noNamespaceSchemaLocation="https://maven.apache.org/surefire/maven-surefire-plugin/xsd/surefire-test-report-3.0.xsd" version="3.0" name="TestSuite" time="0.438" tests="0" errors="0" skipped="0" failures="0">
  <properties>
    <property name="sun.desktop" value="windows"/>
    <property name="awt.toolkit" value="sun.awt.windows.WToolkit"/>
    <property name="file.encoding.pkg" value="sun.io"/>
    <property name="java.specification.version" value="1.8"/>
    <property name="sun.cpu.isalist" value="amd64"/>
    <property name="sun.jnu.encoding" value="GBK"/>
    <property name="java.class.path" value="D:\soft\Projects\Maven_goudan\target\test-classes;D:\soft\Projects\Maven_goudan\target\classes;C:\windows\system32\config\systemprofile\.m2\repository\org\seleniumhq\selenium\selenium-java\3.9.0\selenium-java-3.9.0.jar;C:\windows\system32\config\systemprofile\.m2\repository\org\seleniumhq\selenium\selenium-api\3.9.0\selenium-api-3.9.0.jar;C:\windows\system32\config\systemprofile\.m2\repository\org\seleniumhq\selenium\selenium-chrome-driver\3.9.0\selenium-chrome-driver-3.9.0.jar;C:\windows\system32\config\systemprofile\.m2\repository\org\seleniumhq\selenium\selenium-edge-driver\3.9.0\selenium-edge-driver-3.9.0.jar;C:\windows\system32\config\systemprofile\.m2\repository\org\seleniumhq\selenium\selenium-firefox-driver\3.9.0\selenium-firefox-driver-3.9.0.jar;C:\windows\system32\config\systemprofile\.m2\repository\org\seleniumhq\selenium\selenium-ie-driver\3.9.0\selenium-ie-driver-3.9.0.jar;C:\windows\system32\config\systemprofile\.m2\repository\org\seleniumhq\selenium\selenium-opera-driver\3.9.0\selenium-opera-driver-3.9.0.jar;C:\windows\system32\config\systemprofile\.m2\repository\org\seleniumhq\selenium\selenium-remote-driver\3.9.0\selenium-remote-driver-3.9.0.jar;C:\windows\system32\config\systemprofile\.m2\repository\org\seleniumhq\selenium\selenium-safari-driver\3.9.0\selenium-safari-driver-3.9.0.jar;C:\windows\system32\config\systemprofile\.m2\repository\org\seleniumhq\selenium\selenium-support\3.9.0\selenium-support-3.9.0.jar;C:\windows\system32\config\systemprofile\.m2\repository\net\bytebuddy\byte-buddy\1.7.9\byte-buddy-1.7.9.jar;C:\windows\system32\config\systemprofile\.m2\repository\org\apache\commons\commons-exec\1.3\commons-exec-1.3.jar;C:\windows\system32\config\systemprofile\.m2\repository\commons-codec\commons-codec\1.10\commons-codec-1.10.jar;C:\windows\system32\config\systemprofile\.m2\repository\commons-logging\commons-logging\1.2\commons-logging-1.2.jar;C:\windows\system32\config\systemprofile\.m2\repository\com\google\code\gson\gson\2.8.2\gson-2.8.2.jar;C:\windows\system32\config\systemprofile\.m2\repository\com\google\guava\guava\23.6-jre\guava-23.6-jre.jar;C:\windows\system32\config\systemprofile\.m2\repository\com\google\code\findbugs\jsr305\1.3.9\jsr305-1.3.9.jar;C:\windows\system32\config\systemprofile\.m2\repository\org\checkerframework\checker-compat-qual\2.0.0\checker-compat-qual-2.0.0.jar;C:\windows\system32\config\systemprofile\.m2\repository\com\google\errorprone\error_prone_annotations\2.1.3\error_prone_annotations-2.1.3.jar;C:\windows\system32\config\systemprofile\.m2\repository\com\google\j2objc\j2objc-annotations\1.1\j2objc-annotations-1.1.jar;C:\windows\system32\config\systemprofile\.m2\repository\org\codehaus\mojo\animal-sniffer-annotations\1.14\animal-sniffer-annotations-1.14.jar;C:\windows\system32\config\systemprofile\.m2\repository\org\apache\httpcomponents\httpclient\4.5.3\httpclient-4.5.3.jar;C:\windows\system32\config\systemprofile\.m2\repository\org\apache\httpcomponents\httpcore\4.4.6\httpcore-4.4.6.jar;C:\windows\system32\config\systemprofile\.m2\repository\com\squareup\okhttp3\okhttp\3.9.1\okhttp-3.9.1.jar;C:\windows\system32\config\systemprofile\.m2\repository\com\squareup\okio\okio\1.13.0\okio-1.13.0.jar;C:\windows\system32\config\systemprofile\.m2\repository\org\testng\testng\6.9.6\testng-6.9.6.jar;C:\windows\system32\config\systemprofile\.m2\repository\com\google\inject\guice\4.0\guice-4.0-no_aop.jar;C:\windows\system32\config\systemprofile\.m2\repository\javax\inject\javax.inject\1\javax.inject-1.jar;C:\windows\system32\config\systemprofile\.m2\repository\aopalliance\aopalliance\1.0\aopalliance-1.0.jar;C:\windows\system32\config\systemprofile\.m2\repository\org\beanshell\bsh\2.0b4\bsh-2.0b4.jar;C:\windows\system32\config\systemprofile\.m2\repository\org\apache\ant\ant\1.7.0\ant-1.7.0.jar;C:\windows\system32\config\systemprofile\.m2\repository\org\apache\ant\ant-launcher\1.7.0\ant-launcher-1.7.0.jar;C:\windows\system32\config\systemprofile\.m2\repository\com\beust\jcommander\1.48\jcommander-1.48.jar;C:\windows\system32\config\systemprofile\.m2\repository\org\yaml\snakeyaml\1.15\snakeyaml-1.15.jar;C:\windows\system32\config\systemprofile\.m2\repository\junit\junit\4.10\junit-4.10.jar;C:\windows\system32\config\systemprofile\.m2\repository\org\hamcrest\hamcrest-core\1.1\hamcrest-core-1.1.jar;C:\windows\system32\config\systemprofile\.m2\repository\xml-apis\xml-apis\1.4.01\xml-apis-1.4.01.jar;C:\windows\system32\config\systemprofile\.m2\repository\info\cukes\cucumber-java\1.2.4\cucumber-java-1.2.4.jar;C:\windows\system32\config\systemprofile\.m2\repository\info\cukes\cucumber-core\1.2.4\cucumber-core-1.2.4.jar;C:\windows\system32\config\systemprofile\.m2\repository\info\cukes\cucumber-html\0.2.3\cucumber-html-0.2.3.jar;C:\windows\system32\config\systemprofile\.m2\repository\info\cukes\cucumber-jvm-deps\1.0.5\cucumber-jvm-deps-1.0.5.jar;C:\windows\system32\config\systemprofile\.m2\repository\info\cukes\gherkin\2.12.2\gherkin-2.12.2.jar;C:\windows\system32\config\systemprofile\.m2\repository\info\cukes\cucumber-testng\1.2.5\cucumber-testng-1.2.5.jar;C:\windows\system32\config\systemprofile\.m2\repository\log4j\log4j\1.2.17\log4j-1.2.17.jar;C:\windows\system32\config\systemprofile\.m2\repository\org\apache\poi\poi\3.14\poi-3.14.jar;C:\windows\system32\config\systemprofile\.m2\repository\com\holmos\holmos-webtest\1.0.2u9\holmos-webtest-1.0.2u9.jar;C:\windows\system32\config\systemprofile\.m2\repository\org\apache\poi\poi-ooxml\3.8\poi-ooxml-3.8.jar;C:\windows\system32\config\systemprofile\.m2\repository\org\apache\poi\poi-ooxml-schemas\3.8\poi-ooxml-schemas-3.8.jar;C:\windows\system32\config\systemprofile\.m2\repository\org\apache\xmlbeans\xmlbeans\2.3.0\xmlbeans-2.3.0.jar;C:\windows\system32\config\systemprofile\.m2\repository\stax\stax-api\1.0.1\stax-api-1.0.1.jar;C:\windows\system32\config\systemprofile\.m2\repository\net\sf\opencsv\opencsv\2.3\opencsv-2.3.jar;C:\windows\system32\config\systemprofile\.m2\repository\dom4j\dom4j\1.6.1\dom4j-1.6.1.jar;C:\windows\system32\config\systemprofile\.m2\repository\mysql\mysql-connector-java\5.1.21\mysql-connector-java-5.1.21.jar;C:\windows\system32\config\systemprofile\.m2\repository\com\holmos\holmos-reflectAssert\1.0.2u9\holmos-reflectAssert-1.0.2u9.jar;C:\windows\system32\config\systemprofile\.m2\repository\commons-lang\commons-lang\2.6\commons-lang-2.6.jar;C:\windows\system32\config\systemprofile\.m2\repository\commons-io\commons-io\2.6\commons-io-2.6.jar;"/>
    <property name="java.vm.vendor" value="Oracle Corporation"/>
    <property name="sun.arch.data.model" value="64"/>
    <property name="user.variant" value=""/>
    <property name="java.vendor.url" value="http://java.oracle.com/"/>
    <property name="user.timezone" value="Asia/Shanghai"/>
    <property name="java.vm.specification.version" value="1.8"/>
    <property name="os.name" value="Windows 10"/>
    <property name="user.country" value="CN"/>
    <property name="sun.java.launcher" value="SUN_STANDARD"/>
    <property name="sun.boot.library.path" value="C:\java\jdk\jre\bin"/>
    <property name="sun.java.command" value="C:\Windows\Temp\surefire7934090170921139661\surefirebooter6461153095260094903.jar C:\Windows\Temp\surefire7934090170921139661 2021-06-17T10-37-51_351-jvmRun1 surefire9087680598363861542tmp surefire_06111445201513096226tmp"/>
    <property name="surefire.test.class.path" value="D:\soft\Projects\Maven_goudan\target\test-classes;D:\soft\Projects\Maven_goudan\target\classes;C:\windows\system32\config\systemprofile\.m2\repository\org\seleniumhq\selenium\selenium-java\3.9.0\selenium-java-3.9.0.jar;C:\windows\system32\config\systemprofile\.m2\repository\org\seleniumhq\selenium\selenium-api\3.9.0\selenium-api-3.9.0.jar;C:\windows\system32\config\systemprofile\.m2\repository\org\seleniumhq\selenium\selenium-chrome-driver\3.9.0\selenium-chrome-driver-3.9.0.jar;C:\windows\system32\config\systemprofile\.m2\repository\org\seleniumhq\selenium\selenium-edge-driver\3.9.0\selenium-edge-driver-3.9.0.jar;C:\windows\system32\config\systemprofile\.m2\repository\org\seleniumhq\selenium\selenium-firefox-driver\3.9.0\selenium-firefox-driver-3.9.0.jar;C:\windows\system32\config\systemprofile\.m2\repository\org\seleniumhq\selenium\selenium-ie-driver\3.9.0\selenium-ie-driver-3.9.0.jar;C:\windows\system32\config\systemprofile\.m2\repository\org\seleniumhq\selenium\selenium-opera-driver\3.9.0\selenium-opera-driver-3.9.0.jar;C:\windows\system32\config\systemprofile\.m2\repository\org\seleniumhq\selenium\selenium-remote-driver\3.9.0\selenium-remote-driver-3.9.0.jar;C:\windows\system32\config\systemprofile\.m2\repository\org\seleniumhq\selenium\selenium-safari-driver\3.9.0\selenium-safari-driver-3.9.0.jar;C:\windows\system32\config\systemprofile\.m2\repository\org\seleniumhq\selenium\selenium-support\3.9.0\selenium-support-3.9.0.jar;C:\windows\system32\config\systemprofile\.m2\repository\net\bytebuddy\byte-buddy\1.7.9\byte-buddy-1.7.9.jar;C:\windows\system32\config\systemprofile\.m2\repository\org\apache\commons\commons-exec\1.3\commons-exec-1.3.jar;C:\windows\system32\config\systemprofile\.m2\repository\commons-codec\commons-codec\1.10\commons-codec-1.10.jar;C:\windows\system32\config\systemprofile\.m2\repository\commons-logging\commons-logging\1.2\commons-logging-1.2.jar;C:\windows\system32\config\systemprofile\.m2\repository\com\google\code\gson\gson\2.8.2\gson-2.8.2.jar;C:\windows\system32\config\systemprofile\.m2\repository\com\google\guava\guava\23.6-jre\guava-23.6-jre.jar;C:\windows\system32\config\systemprofile\.m2\repository\com\google\code\findbugs\jsr305\1.3.9\jsr305-1.3.9.jar;C:\windows\system32\config\systemprofile\.m2\repository\org\checkerframework\checker-compat-qual\2.0.0\checker-compat-qual-2.0.0.jar;C:\windows\system32\config\systemprofile\.m2\repository\com\google\errorprone\error_prone_annotations\2.1.3\error_prone_annotations-2.1.3.jar;C:\windows\system32\config\systemprofile\.m2\repository\com\google\j2objc\j2objc-annotations\1.1\j2objc-annotations-1.1.jar;C:\windows\system32\config\systemprofile\.m2\repository\org\codehaus\mojo\animal-sniffer-annotations\1.14\animal-sniffer-annotations-1.14.jar;C:\windows\system32\config\systemprofile\.m2\repository\org\apache\httpcomponents\httpclient\4.5.3\httpclient-4.5.3.jar;C:\windows\system32\config\systemprofile\.m2\repository\org\apache\httpcomponents\httpcore\4.4.6\httpcore-4.4.6.jar;C:\windows\system32\config\systemprofile\.m2\repository\com\squareup\okhttp3\okhttp\3.9.1\okhttp-3.9.1.jar;C:\windows\system32\config\systemprofile\.m2\repository\com\squareup\okio\okio\1.13.0\okio-1.13.0.jar;C:\windows\system32\config\systemprofile\.m2\repository\org\testng\testng\6.9.6\testng-6.9.6.jar;C:\windows\system32\config\systemprofile\.m2\repository\com\google\inject\guice\4.0\guice-4.0-no_aop.jar;C:\windows\system32\config\systemprofile\.m2\repository\javax\inject\javax.inject\1\javax.inject-1.jar;C:\windows\system32\config\systemprofile\.m2\repository\aopalliance\aopalliance\1.0\aopalliance-1.0.jar;C:\windows\system32\config\systemprofile\.m2\repository\org\beanshell\bsh\2.0b4\bsh-2.0b4.jar;C:\windows\system32\config\systemprofile\.m2\repository\org\apache\ant\ant\1.7.0\ant-1.7.0.jar;C:\windows\system32\config\systemprofile\.m2\repository\org\apache\ant\ant-launcher\1.7.0\ant-launcher-1.7.0.jar;C:\windows\system32\config\systemprofile\.m2\repository\com\beust\jcommander\1.48\jcommander-1.48.jar;C:\windows\system32\config\systemprofile\.m2\repository\org\yaml\snakeyaml\1.15\snakeyaml-1.15.jar;C:\windows\system32\config\systemprofile\.m2\repository\junit\junit\4.10\junit-4.10.jar;C:\windows\system32\config\systemprofile\.m2\repository\org\hamcrest\hamcrest-core\1.1\hamcrest-core-1.1.jar;C:\windows\system32\config\systemprofile\.m2\repository\xml-apis\xml-apis\1.4.01\xml-apis-1.4.01.jar;C:\windows\system32\config\systemprofile\.m2\repository\info\cukes\cucumber-java\1.2.4\cucumber-java-1.2.4.jar;C:\windows\system32\config\systemprofile\.m2\repository\info\cukes\cucumber-core\1.2.4\cucumber-core-1.2.4.jar;C:\windows\system32\config\systemprofile\.m2\repository\info\cukes\cucumber-html\0.2.3\cucumber-html-0.2.3.jar;C:\windows\system32\config\systemprofile\.m2\repository\info\cukes\cucumber-jvm-deps\1.0.5\cucumber-jvm-deps-1.0.5.jar;C:\windows\system32\config\systemprofile\.m2\repository\info\cukes\gherkin\2.12.2\gherkin-2.12.2.jar;C:\windows\system32\config\systemprofile\.m2\repository\info\cukes\cucumber-testng\1.2.5\cucumber-testng-1.2.5.jar;C:\windows\system32\config\systemprofile\.m2\repository\log4j\log4j\1.2.17\log4j-1.2.17.jar;C:\windows\system32\config\systemprofile\.m2\repository\org\apache\poi\poi\3.14\poi-3.14.jar;C:\windows\system32\config\systemprofile\.m2\repository\com\holmos\holmos-webtest\1.0.2u9\holmos-webtest-1.0.2u9.jar;C:\windows\system32\config\systemprofile\.m2\repository\org\apache\poi\poi-ooxml\3.8\poi-ooxml-3.8.jar;C:\windows\system32\config\systemprofile\.m2\repository\org\apache\poi\poi-ooxml-schemas\3.8\poi-ooxml-schemas-3.8.jar;C:\windows\system32\config\systemprofile\.m2\repository\org\apache\xmlbeans\xmlbeans\2.3.0\xmlbeans-2.3.0.jar;C:\windows\system32\config\systemprofile\.m2\repository\stax\stax-api\1.0.1\stax-api-1.0.1.jar;C:\windows\system32\config\systemprofile\.m2\repository\net\sf\opencsv\opencsv\2.3\opencsv-2.3.jar;C:\windows\system32\config\systemprofile\.m2\repository\dom4j\dom4j\1.6.1\dom4j-1.6.1.jar;C:\windows\system32\config\systemprofile\.m2\repository\mysql\mysql-connector-java\5.1.21\mysql-connector-java-5.1.21.jar;C:\windows\system32\config\systemprofile\.m2\repository\com\holmos\holmos-reflectAssert\1.0.2u9\holmos-reflectAssert-1.0.2u9.jar;C:\windows\system32\config\systemprofile\.m2\repository\commons-lang\commons-lang\2.6\commons-lang-2.6.jar;C:\windows\system32\config\systemprofile\.m2\repository\commons-io\commons-io\2.6\commons-io-2.6.jar;"/>
    <property name="sun.cpu.endian" value="little"/>
    <property name="user.home" value="C:\windows\system32\config\systemprofile"/>
    <property name="user.language" value="zh"/>
    <property name="java.specification.vendor" value="Oracle Corporation"/>
    <property name="java.home" value="C:\java\jdk\jre"/>
    <property name="basedir" value="D:\soft\Projects\Maven_goudan"/>
    <property name="file.separator" value="\"/>
    <property name="line.separator" value="&#10;"/>
    <property name="java.vm.specification.vendor" value="Oracle Corporation"/>
    <property name="java.specification.name" value="Java Platform API Specification"/>
    <property name="java.awt.graphicsenv" value="sun.awt.Win32GraphicsEnvironment"/>
    <property name="surefire.real.class.path" value="C:\Windows\Temp\surefire7934090170921139661\surefirebooter6461153095260094903.jar"/>
    <property name="sun.boot.class.path" value="C:\java\jdk\jre\lib\resources.jar;C:\java\jdk\jre\lib\rt.jar;C:\java\jdk\jre\lib\sunrsasign.jar;C:\java\jdk\jre\lib\jsse.jar;C:\java\jdk\jre\lib\jce.jar;C:\java\jdk\jre\lib\charsets.jar;C:\java\jdk\jre\lib\jfr.jar;C:\java\jdk\jre\classes"/>
    <property name="user.script" value=""/>
    <property name="sun.management.compiler" value="HotSpot 64-Bit Tiered Compilers"/>
    <property name="java.runtime.version" value="1.8.0_171-b11"/>
    <property name="user.name" value="SZLX$"/>
    <property name="path.separator" value=";"/>
    <property name="os.version" value="10.0"/>
    <property name="java.endorsed.dirs" value="C:\java\jdk\jre\lib\endorsed"/>
    <property name="java.runtime.name" value="Java(TM) SE Runtime Environment"/>
    <property name="file.encoding" value="GBK"/>
    <property name="java.vm.name" value="Java HotSpot(TM) 64-Bit Server VM"/>
    <property name="localRepository" value="C:\windows\system32\config\systemprofile\.m2\repository"/>
    <property name="java.vendor.url.bug" value="http://bugreport.sun.com/bugreport/"/>
    <property name="java.io.tmpdir" value="C:\windows\TEMP\"/>
    <property name="java.version" value="1.8.0_171"/>
    <property name="user.dir" value="D:\soft\Projects\Maven_goudan"/>
    <property name="os.arch" value="amd64"/>
    <property name="java.vm.specification.name" value="Java Virtual Machine Specification"/>
    <property name="java.awt.printerjob" value="sun.awt.windows.WPrinterJob"/>
    <property name="sun.os.patch.level" value=""/>
    <property name="java.library.path" value="C:\java\jdk\jre\bin;C:\windows\Sun\Java\bin;C:\windows\system32;C:\windows;D:\apache-maven-3.8.1/bin;C:\Program Files (x86)\Common Files\Oracle\Java\javapath;C:\windows\system32;C:\windows;C:\windows\System32\Wbem;C:\windows\System32\WindowsPowerShell\v1.0\;C:\windows\System32\OpenSSH\;C:\java\jdk\bin\;C:\Python27\Scripts;C:\Python27;D:\soft\Maven\apache-maven-3.6.3\bin;C:\java\jdk\jre\bin\;C:\Program Files\TortoiseSVN\bin;D:\soft\Git\cmd;C:\windows\system32\config\systemprofile\AppData\Local\Microsoft\WindowsApps;."/>
    <property name="java.vm.info" value="mixed mode"/>
    <property name="java.vendor" value="Oracle Corporation"/>
    <property name="java.vm.version" value="25.171-b11"/>
    <property name="java.ext.dirs" value="C:\java\jdk\jre\lib\ext;C:\windows\Sun\Java\lib\ext"/>
    <property name="sun.io.unicode.encoding" value="UnicodeLittle"/>
    <property name="java.class.version" value="52.0"/>
  </properties>
</testsuite>